#
# A fatal error has been detected by the Java Runtime Environment:
#
#  SIGSEGV (0xb) at pc=0x000000010cef3cdb, pid=3015, tid=0x000000000000855f
#
# JRE version: OpenJDK Runtime Environment (8.0_112-b06) (build 1.8.0_112-release-b06)
# Java VM: OpenJDK 64-Bit Server VM (25.112-b06 mixed mode bsd-amd64 compressed oops)
# Problematic frame:
# V  [libjvm.dylib+0x2f3cdb]
#
# Failed to write core dump. Core dumps have been disabled. To enable core dumping, try "ulimit -c unlimited" before starting Java again
#
# If you would like to submit a bug report, please visit:
#   http://bugreport.java.com/bugreport/crash.jsp
#

---------------  T H R E A D  ---------------

Current thread (0x00007f94eaeca000):  JavaThread "Daemon worker Thread 8" [_thread_in_vm, id=34143, stack(0x00007000055b1000,0x00007000056b1000)]

siginfo: si_signo: 11 (SIGSEGV), si_code: 1 (SEGV_MAPERR), si_addr: 0x0000000000000010

Registers:
RAX=0x000000010d4879a0, RBX=0x0000000000000000, RCX=0x0000000000000000, RDX=0x0000000000000000
RSP=0x00007000056ab290, RBP=0x00007000056ab300, RSI=0x00007000056ab3a0, RDI=0x00007f94eaeca1e0
R8 =0x0000000000000000, R9 =0x00007fff91645a50, R10=0x0000000000000007, R11=0x00007f93dde50f9a
R12=0x00007f94eaeca1e0, R13=0x00007f94eaeca000, R14=0x0000000000000000, R15=0x00007000056ab3a0
RIP=0x000000010cef3cdb, EFLAGS=0x0000000000010246, ERR=0x0000000000000004
  TRAPNO=0x000000000000000e

Top of Stack: (sp=0x00007000056ab290)
0x00007000056ab290:   000000012a7c6ce8 00007f94eaeca000
0x00007000056ab2a0:   00007f94eaeca000 00007f94eaeca000
0x00007000056ab2b0:   00007f94f0909e38 0000000100000b8b
0x00007000056ab2c0:   000000010d1c57b9 00007f94eaeca000
0x00007000056ab2d0:   00007f94eaeca000 00007f94eaeca1e0
0x00007000056ab2e0:   000000010cef3c3b 000000012a7c7100
0x00007000056ab2f0:   00007000056ab3a0 0000000114b02e39
0x00007000056ab300:   00007000056ab340 0000000114b01f98
0x00007000056ab310:   0000000114b01e90 000000012a7c7108
0x00007000056ab320:   0000000000000000 000000012a7c7100
0x00007000056ab330:   00007000056ab3a8 00007f94eaeca000
0x00007000056ab340:   00007000056ab390 000000011a2a4734
0x00007000056ab350:   00007000056ab350 000000012a7c7100
0x00007000056ab360:   00007000056ab3a8 000000012a7c7320
0x00007000056ab370:   0000000000000000 000000012a7c7108
0x00007000056ab380:   0000000000000000 00007000056ab3b0
0x00007000056ab390:   00007000056ab3f0 000000011a294ffd
0x00007000056ab3a0:   00000007b4f90338 000000011a29e278
0x00007000056ab3b0:   00007000056ab3b0 000000012a7c7284
0x00007000056ab3c0:   00007000056ab3f8 000000012a7c7320
0x00007000056ab3d0:   0000000000000000 000000012a7c7290
0x00007000056ab3e0:   00007000056ab3b0 00007000056ab400
0x00007000056ab3f0:   00007000056ab460 000000011a28d4e7
0x00007000056ab400:   0000000100001fa0 000000000000000a
0x00007000056ab410:   00007f94eaeca000 0000000000000000
0x00007000056ab420:   000000011a28d45f 000000012a7c7290
0x00007000056ab430:   00007000056ab4f8 00007000056ab630
0x00007000056ab440:   00007f940000000a 000000012a7c7290
0x00007000056ab450:   000000011a29f9c0 00007000056ab640
0x00007000056ab460:   00007000056ab610 000000010cedf89a
0x00007000056ab470:   0000700000000000 00007f94eaeca000
0x00007000056ab480:   00007000056ab4a0 00007000056ab630 

Instructions: (pc=0x000000010cef3cdb)
0x000000010cef3cbb:   45 a0 48 89 44 24 08 c7 04 24 49 00 00 00 31 f6
0x000000010cef3ccb:   41 b9 01 00 00 00 31 d2 4d 89 f0 e8 eb 47 07 00
0x000000010cef3cdb:   49 63 46 10 49 8b 0e 48 8b 49 68 89 1c 01 90 0f
0x000000010cef3ceb:   1f 40 00 48 83 7d b0 00 74 09 48 8d 7d a8 e8 6e 

Register to memory mapping:

RAX=0x000000010d4879a0: _ZN11JvmtiExport31_should_post_field_modificationE+0 in /Applications/Android Studio.app/Contents/jre/jdk/Contents/Home/jre/lib/server/libjvm.dylib at 0x000000010cc00000
RBX=0x0000000000000000 is an unknown value
RCX=0x0000000000000000 is an unknown value
RDX=0x0000000000000000 is an unknown value
RSP=0x00007000056ab290 is pointing into the stack for thread: 0x00007f94eaeca000
RBP=0x00007000056ab300 is pointing into the stack for thread: 0x00007f94eaeca000
RSI=0x00007000056ab3a0 is pointing into the stack for thread: 0x00007f94eaeca000
RDI=0x00007f94eaeca1e0 is an unknown value
R8 =0x0000000000000000 is an unknown value
R9 =0x00007fff91645a50: __vfprintf+0x4699 in /usr/lib/system/libsystem_c.dylib at 0x00007fff915fb000
R10=0x0000000000000007 is an unknown value
R11=0x00007f93dde50f9a is an unknown value
R12=0x00007f94eaeca1e0 is an unknown value
R13=0x00007f94eaeca000 is a thread
R14=0x0000000000000000 is an unknown value
R15=0x00007000056ab3a0 is pointing into the stack for thread: 0x00007f94eaeca000


Stack: [0x00007000055b1000,0x00007000056b1000],  sp=0x00007000056ab290,  free space=1000k
Native frames: (J=compiled Java code, j=interpreted, Vv=VM code, C=native code)
V  [libjvm.dylib+0x2f3cdb]
C  [libjansi.jnilib+0xf98]  Java_org_fusesource_jansi_internal_CLibrary_init+0x108
j  org.fusesource.jansi.internal.CLibrary.init()V+0
j  org.fusesource.jansi.internal.CLibrary.<clinit>()V+20
v  ~StubRoutines::call_stub
V  [libjvm.dylib+0x2df89a]
V  [libjvm.dylib+0x2b2961]
V  [libjvm.dylib+0x2b3e69]
V  [libjvm.dylib+0x2b40ff]
V  [libjvm.dylib+0x39d1c6]
V  [libjvm.dylib+0x39f7ab]
V  [libjvm.dylib+0x2daaff]
j  org.jetbrains.kotlin.cli.common.messages.PlainTextMessageRenderer.<clinit>()V+21
v  ~StubRoutines::call_stub
V  [libjvm.dylib+0x2df89a]
V  [libjvm.dylib+0x2b2961]
V  [libjvm.dylib+0x2b3e69]
V  [libjvm.dylib+0x2b40ff]
V  [libjvm.dylib+0x2b3ca7]
V  [libjvm.dylib+0x2b40ff]
V  [libjvm.dylib+0x2db664]
j  org.jetbrains.kotlin.cli.common.messages.MessageRenderer.<clinit>()V+10
v  ~StubRoutines::call_stub
V  [libjvm.dylib+0x2df89a]
V  [libjvm.dylib+0x2b2961]
V  [libjvm.dylib+0x2b3e69]
V  [libjvm.dylib+0x2b40ff]
V  [libjvm.dylib+0x39d1c6]
V  [libjvm.dylib+0x39f7ab]
V  [libjvm.dylib+0x2daaff]
j  org.jetbrains.kotlin.compilerRunner.GradleCompilerRunner$loggingMessageCollector$2$1.<init>(Lorg/jetbrains/kotlin/compilerRunner/GradleCompilerRunner$loggingMessageCollector$2;)V+10
j  org.jetbrains.kotlin.compilerRunner.GradleCompilerRunner$loggingMessageCollector$2.invoke()Lorg/jetbrains/kotlin/compilerRunner/GradleCompilerRunner$loggingMessageCollector$2$1;+5
j  org.jetbrains.kotlin.compilerRunner.GradleCompilerRunner$loggingMessageCollector$2.invoke()Ljava/lang/Object;+1
j  kotlin.SynchronizedLazyImpl.getValue()Ljava/lang/Object;+57
j  org.jetbrains.kotlin.compilerRunner.GradleCompilerRunner.getLoggingMessageCollector()Lorg/jetbrains/kotlin/cli/common/messages/MessageCollector;+14
j  org.jetbrains.kotlin.compilerRunner.GradleCompilerRunner.compileOutOfProcess([Ljava/lang/String;Ljava/lang/String;Lorg/jetbrains/kotlin/compilerRunner/GradleCompilerEnvironment;)Lorg/jetbrains/kotlin/cli/common/ExitCode;+238
j  org.jetbrains.kotlin.compilerRunner.GradleCompilerRunner.compileWithDaemonOrFallback(Ljava/lang/String;Lorg/jetbrains/kotlin/cli/common/arguments/CommonCompilerArguments;Lorg/jetbrains/kotlin/compilerRunner/GradleCompilerEnvironment;)Lorg/jetbrains/kotlin/cli/common/ExitCode;+584
j  org.jetbrains.kotlin.compilerRunner.GradleCompilerRunner.compileWithDaemonOrFallback(Ljava/lang/String;Lorg/jetbrains/kotlin/cli/common/arguments/CommonCompilerArguments;Lorg/jetbrains/kotlin/compilerRunner/CompilerEnvironment;)Lorg/jetbrains/kotlin/cli/common/ExitCode;+7
j  org.jetbrains.kotlin.compilerRunner.KotlinCompilerRunner.runCompiler(Ljava/lang/String;Lorg/jetbrains/kotlin/cli/common/arguments/CommonCompilerArguments;Lorg/jetbrains/kotlin/compilerRunner/CompilerEnvironment;)Lorg/jetbrains/kotlin/cli/common/ExitCode;+25
j  org.jetbrains.kotlin.compilerRunner.GradleCompilerRunner.runJvmCompiler(Ljava/util/List;Ljava/lang/Iterable;Lorg/jetbrains/kotlin/cli/common/arguments/K2JVMCompilerArguments;Lorg/jetbrains/kotlin/compilerRunner/GradleCompilerEnvironment;)Lorg/jetbrains/kotlin/cli/common/ExitCode;+234
j  org.jetbrains.kotlin.gradle.tasks.KotlinCompile.callCompiler$kotlin_gradle_plugin(Lorg/jetbrains/kotlin/cli/common/arguments/K2JVMCompilerArguments;Lorg/jetbrains/kotlin/gradle/tasks/SourceRoots;Lorg/jetbrains/kotlin/incremental/ChangedFiles;)V+291
j  org.jetbrains.kotlin.gradle.tasks.KotlinCompile.callCompiler$kotlin_gradle_plugin(Lorg/jetbrains/kotlin/cli/common/arguments/CommonCompilerArguments;Lorg/jetbrains/kotlin/gradle/tasks/SourceRoots;Lorg/jetbrains/kotlin/incremental/ChangedFiles;)V+7
j  org.jetbrains.kotlin.gradle.tasks.AbstractKotlinCompile.execute(Lorg/gradle/api/tasks/incremental/IncrementalTaskInputs;)V+189
v  ~StubRoutines::call_stub
V  [libjvm.dylib+0x2df89a]
V  [libjvm.dylib+0x4a31e8]
V  [libjvm.dylib+0x4a371c]
V  [libjvm.dylib+0x31afd0]
J 1654  sun.reflect.NativeMethodAccessorImpl.invoke0(Ljava/lang/reflect/Method;Ljava/lang/Object;[Ljava/lang/Object;)Ljava/lang/Object; (0 bytes) @ 0x000000011a81aaed [0x000000011a81aa00+0xed]
J 11021 C1 sun.reflect.NativeMethodAccessorImpl.invoke(Ljava/lang/Object;[Ljava/lang/Object;)Ljava/lang/Object; (104 bytes) @ 0x000000011c04ded4 [0x000000011c04cd00+0x11d4]
J 6442 C2 java.lang.reflect.Method.invoke(Ljava/lang/Object;[Ljava/lang/Object;)Ljava/lang/Object; (62 bytes) @ 0x000000011a9fad8c [0x000000011a9fad00+0x8c]
J 11563 C1 org.gradle.internal.reflect.JavaMethod.invoke(Ljava/lang/Object;[Ljava/lang/Object;)Ljava/lang/Object; (74 bytes) @ 0x000000011c2663bc [0x000000011c2662a0+0x11c]
j  org.gradle.api.internal.project.taskfactory.DefaultTaskClassInfoStore$IncrementalTaskAction.doExecute(Lorg/gradle/api/Task;Ljava/lang/String;)V+35
j  org.gradle.api.internal.project.taskfactory.DefaultTaskClassInfoStore$StandardTaskAction.execute(Lorg/gradle/api/Task;)V+32
j  org.gradle.api.internal.project.taskfactory.DefaultTaskClassInfoStore$StandardTaskAction.execute(Ljava/lang/Object;)V+5
J 20974 C1 org.gradle.api.internal.tasks.execution.ExecuteActionsTaskExecuter.executeAction(Lorg/gradle/api/internal/TaskInternal;Lorg/gradle/api/internal/tasks/ContextAwareTaskAction;Lorg/gradle/api/internal/tasks/TaskExecutionContext;)V (37 bytes) @ 0x000000011d7ba4c4 [0x000000011d7ba300+0x1c4]
j  org.gradle.api.internal.tasks.execution.ExecuteActionsTaskExecuter.executeActions(Lorg/gradle/api/internal/TaskInternal;Lorg/gradle/api/internal/tasks/TaskStateInternal;Lorg/gradle/api/internal/tasks/TaskExecutionContext;)Lorg/gradle/api/GradleException;+79
j  org.gradle.api.internal.tasks.execution.ExecuteActionsTaskExecuter.execute(Lorg/gradle/api/internal/TaskInternal;Lorg/gradle/api/internal/tasks/TaskStateInternal;Lorg/gradle/api/internal/tasks/TaskExecutionContext;)V+42
j  org.gradle.api.internal.tasks.execution.SkipUpToDateTaskExecuter.execute(Lorg/gradle/api/internal/TaskInternal;Lorg/gradle/api/internal/tasks/TaskStateInternal;Lorg/gradle/api/internal/tasks/TaskExecutionContext;)V+139
j  org.gradle.api.internal.tasks.execution.ValidatingTaskExecuter.execute(Lorg/gradle/api/internal/TaskInternal;Lorg/gradle/api/internal/tasks/TaskStateInternal;Lorg/gradle/api/internal/tasks/TaskExecutionContext;)V+215
j  org.gradle.api.internal.tasks.execution.SkipEmptySourceFilesTaskExecuter.execute(Lorg/gradle/api/internal/TaskInternal;Lorg/gradle/api/internal/tasks/TaskStateInternal;Lorg/gradle/api/internal/tasks/TaskExecutionContext;)V+335
j  org.gradle.api.internal.tasks.execution.ResolveTaskArtifactStateTaskExecuter.execute(Lorg/gradle/api/internal/TaskInternal;Lorg/gradle/api/internal/tasks/TaskStateInternal;Lorg/gradle/api/internal/tasks/TaskExecutionContext;)V+46
j  org.gradle.api.internal.tasks.execution.SkipTaskWithNoActionsExecuter.execute(Lorg/gradle/api/internal/TaskInternal;Lorg/gradle/api/internal/tasks/TaskStateInternal;Lorg/gradle/api/internal/tasks/TaskExecutionContext;)V+119
j  org.gradle.api.internal.tasks.execution.SkipOnlyIfTaskExecuter.execute(Lorg/gradle/api/internal/TaskInternal;Lorg/gradle/api/internal/tasks/TaskStateInternal;Lorg/gradle/api/internal/tasks/TaskExecutionContext;)V+85
j  org.gradle.api.internal.tasks.execution.ExecuteAtMostOnceTaskExecuter.execute(Lorg/gradle/api/internal/TaskInternal;Lorg/gradle/api/internal/tasks/TaskStateInternal;Lorg/gradle/api/internal/tasks/TaskExecutionContext;)V+26
j  org.gradle.api.internal.tasks.execution.CatchExceptionTaskExecuter.execute(Lorg/gradle/api/internal/TaskInternal;Lorg/gradle/api/internal/tasks/TaskStateInternal;Lorg/gradle/api/internal/tasks/TaskExecutionContext;)V+7
j  org.gradle.execution.taskgraph.DefaultTaskGraphExecuter$EventFiringTaskWorker$1.execute(Lorg/gradle/internal/operations/BuildOperationContext;)V+110
j  org.gradle.execution.taskgraph.DefaultTaskGraphExecuter$EventFiringTaskWorker$1.execute(Ljava/lang/Object;)V+5
J 22694 C1 org.gradle.internal.Transformers$4.transform(Ljava/lang/Object;)Ljava/lang/Object; (12 bytes) @ 0x000000011dc1178c [0x000000011dc11680+0x10c]
J 22449 C1 org.gradle.internal.progress.DefaultBuildOperationExecutor.run(Lorg/gradle/internal/progress/BuildOperationDetails;Lorg/gradle/api/Transformer;)Ljava/lang/Object; (477 bytes) @ 0x000000011dd0eec4 [0x000000011dd0ca60+0x2464]
J 23166 C1 org.gradle.internal.progress.DefaultBuildOperationExecutor.run(Lorg/gradle/internal/progress/BuildOperationDetails;Lorg/gradle/api/Action;)V (11 bytes) @ 0x000000011de82a6c [0x000000011de828a0+0x1cc]
j  org.gradle.execution.taskgraph.DefaultTaskGraphExecuter$EventFiringTaskWorker.execute(Lorg/gradle/api/internal/TaskInternal;)V+80
j  org.gradle.execution.taskgraph.DefaultTaskGraphExecuter$EventFiringTaskWorker.execute(Ljava/lang/Object;)V+5
j  org.gradle.execution.taskgraph.AbstractTaskPlanExecutor$TaskExecutorWorker.processTask(Lorg/gradle/execution/taskgraph/TaskInfo;)V+8
j  org.gradle.execution.taskgraph.AbstractTaskPlanExecutor$TaskExecutorWorker.run()V+74
j  org.gradle.execution.taskgraph.DefaultTaskPlanExecutor.process(Lorg/gradle/execution/taskgraph/TaskExecutionPlan;Lorg/gradle/api/Action;)V+10
j  org.gradle.execution.taskgraph.DefaultTaskGraphExecuter.execute()V+61
j  org.gradle.execution.SelectedTaskExecutionAction.execute(Lorg/gradle/execution/BuildExecutionContext;)V+55
j  org.gradle.execution.DefaultBuildExecuter.execute(Lorg/gradle/api/internal/GradleInternal;I)V+37
j  org.gradle.execution.DefaultBuildExecuter.access$000(Lorg/gradle/execution/DefaultBuildExecuter;Lorg/gradle/api/internal/GradleInternal;I)V+3
j  org.gradle.execution.DefaultBuildExecuter$1.proceed()V+14
j  org.gradle.execution.DryRunBuildExecutionAction.execute(Lorg/gradle/execution/BuildExecutionContext;)V+68
j  org.gradle.execution.DefaultBuildExecuter.execute(Lorg/gradle/api/internal/GradleInternal;I)V+37
j  org.gradle.execution.DefaultBuildExecuter.execute(Lorg/gradle/api/internal/GradleInternal;)V+3
j  org.gradle.initialization.DefaultGradleLauncher$3.execute(Lorg/gradle/internal/operations/BuildOperationContext;)V+14
j  org.gradle.initialization.DefaultGradleLauncher$3.execute(Ljava/lang/Object;)V+5
J 22694 C1 org.gradle.internal.Transformers$4.transform(Ljava/lang/Object;)Ljava/lang/Object; (12 bytes) @ 0x000000011dc1178c [0x000000011dc11680+0x10c]
J 22449 C1 org.gradle.internal.progress.DefaultBuildOperationExecutor.run(Lorg/gradle/internal/progress/BuildOperationDetails;Lorg/gradle/api/Transformer;)Ljava/lang/Object; (477 bytes) @ 0x000000011dd0eec4 [0x000000011dd0ca60+0x2464]
j  org.gradle.internal.progress.DefaultBuildOperationExecutor.run(Ljava/lang/String;Lorg/gradle/api/Action;)V+12
j  org.gradle.initialization.DefaultGradleLauncher.doBuildStages(Lorg/gradle/initialization/DefaultGradleLauncher$Stage;)V+154
j  org.gradle.initialization.DefaultGradleLauncher.doBuild(Lorg/gradle/initialization/DefaultGradleLauncher$Stage;)Lorg/gradle/BuildResult;+17
j  org.gradle.initialization.DefaultGradleLauncher.run()Lorg/gradle/BuildResult;+4
j  org.gradle.launcher.exec.GradleBuildController.run()Lorg/gradle/api/internal/GradleInternal;+4
j  org.gradle.tooling.internal.provider.runner.BuildModelActionRunner.run(Lorg/gradle/internal/invocation/BuildAction;Lorg/gradle/internal/invocation/BuildController;)V+48
j  org.gradle.launcher.exec.ChainingBuildActionRunner.run(Lorg/gradle/internal/invocation/BuildAction;Lorg/gradle/internal/invocation/BuildController;)V+34
j  org.gradle.tooling.internal.provider.runner.RunAsBuildOperationBuildActionRunner$1.execute(Lorg/gradle/internal/operations/BuildOperationContext;)V+15
j  org.gradle.tooling.internal.provider.runner.RunAsBuildOperationBuildActionRunner$1.execute(Ljava/lang/Object;)V+5
J 22694 C1 org.gradle.internal.Transformers$4.transform(Ljava/lang/Object;)Ljava/lang/Object; (12 bytes) @ 0x000000011dc1178c [0x000000011dc11680+0x10c]
J 22449 C1 org.gradle.internal.progress.DefaultBuildOperationExecutor.run(Lorg/gradle/internal/progress/BuildOperationDetails;Lorg/gradle/api/Transformer;)Ljava/lang/Object; (477 bytes) @ 0x000000011dd0eec4 [0x000000011dd0ca60+0x2464]
j  org.gradle.internal.progress.DefaultBuildOperationExecutor.run(Ljava/lang/String;Lorg/gradle/api/Action;)V+12
...<more frames>...

Java frames: (J=compiled Java code, j=interpreted, Vv=VM code)
j  org.fusesource.jansi.internal.CLibrary.init()V+0
j  org.fusesource.jansi.internal.CLibrary.<clinit>()V+20
v  ~StubRoutines::call_stub
j  org.jetbrains.kotlin.cli.common.messages.PlainTextMessageRenderer.<clinit>()V+21
v  ~StubRoutines::call_stub
j  org.jetbrains.kotlin.cli.common.messages.MessageRenderer.<clinit>()V+10
v  ~StubRoutines::call_stub
j  org.jetbrains.kotlin.compilerRunner.GradleCompilerRunner$loggingMessageCollector$2$1.<init>(Lorg/jetbrains/kotlin/compilerRunner/GradleCompilerRunner$loggingMessageCollector$2;)V+10
j  org.jetbrains.kotlin.compilerRunner.GradleCompilerRunner$loggingMessageCollector$2.invoke()Lorg/jetbrains/kotlin/compilerRunner/GradleCompilerRunner$loggingMessageCollector$2$1;+5
j  org.jetbrains.kotlin.compilerRunner.GradleCompilerRunner$loggingMessageCollector$2.invoke()Ljava/lang/Object;+1
j  kotlin.SynchronizedLazyImpl.getValue()Ljava/lang/Object;+57
j  org.jetbrains.kotlin.compilerRunner.GradleCompilerRunner.getLoggingMessageCollector()Lorg/jetbrains/kotlin/cli/common/messages/MessageCollector;+14
j  org.jetbrains.kotlin.compilerRunner.GradleCompilerRunner.compileOutOfProcess([Ljava/lang/String;Ljava/lang/String;Lorg/jetbrains/kotlin/compilerRunner/GradleCompilerEnvironment;)Lorg/jetbrains/kotlin/cli/common/ExitCode;+238
j  org.jetbrains.kotlin.compilerRunner.GradleCompilerRunner.compileWithDaemonOrFallback(Ljava/lang/String;Lorg/jetbrains/kotlin/cli/common/arguments/CommonCompilerArguments;Lorg/jetbrains/kotlin/compilerRunner/GradleCompilerEnvironment;)Lorg/jetbrains/kotlin/cli/common/ExitCode;+584
j  org.jetbrains.kotlin.compilerRunner.GradleCompilerRunner.compileWithDaemonOrFallback(Ljava/lang/String;Lorg/jetbrains/kotlin/cli/common/arguments/CommonCompilerArguments;Lorg/jetbrains/kotlin/compilerRunner/CompilerEnvironment;)Lorg/jetbrains/kotlin/cli/common/ExitCode;+7
j  org.jetbrains.kotlin.compilerRunner.KotlinCompilerRunner.runCompiler(Ljava/lang/String;Lorg/jetbrains/kotlin/cli/common/arguments/CommonCompilerArguments;Lorg/jetbrains/kotlin/compilerRunner/CompilerEnvironment;)Lorg/jetbrains/kotlin/cli/common/ExitCode;+25
j  org.jetbrains.kotlin.compilerRunner.GradleCompilerRunner.runJvmCompiler(Ljava/util/List;Ljava/lang/Iterable;Lorg/jetbrains/kotlin/cli/common/arguments/K2JVMCompilerArguments;Lorg/jetbrains/kotlin/compilerRunner/GradleCompilerEnvironment;)Lorg/jetbrains/kotlin/cli/common/ExitCode;+234
j  org.jetbrains.kotlin.gradle.tasks.KotlinCompile.callCompiler$kotlin_gradle_plugin(Lorg/jetbrains/kotlin/cli/common/arguments/K2JVMCompilerArguments;Lorg/jetbrains/kotlin/gradle/tasks/SourceRoots;Lorg/jetbrains/kotlin/incremental/ChangedFiles;)V+291
j  org.jetbrains.kotlin.gradle.tasks.KotlinCompile.callCompiler$kotlin_gradle_plugin(Lorg/jetbrains/kotlin/cli/common/arguments/CommonCompilerArguments;Lorg/jetbrains/kotlin/gradle/tasks/SourceRoots;Lorg/jetbrains/kotlin/incremental/ChangedFiles;)V+7
j  org.jetbrains.kotlin.gradle.tasks.AbstractKotlinCompile.execute(Lorg/gradle/api/tasks/incremental/IncrementalTaskInputs;)V+189
v  ~StubRoutines::call_stub
J 1654  sun.reflect.NativeMethodAccessorImpl.invoke0(Ljava/lang/reflect/Method;Ljava/lang/Object;[Ljava/lang/Object;)Ljava/lang/Object; (0 bytes) @ 0x000000011a81aa77 [0x000000011a81aa00+0x77]
J 11021 C1 sun.reflect.NativeMethodAccessorImpl.invoke(Ljava/lang/Object;[Ljava/lang/Object;)Ljava/lang/Object; (104 bytes) @ 0x000000011c04ded4 [0x000000011c04cd00+0x11d4]
J 6442 C2 java.lang.reflect.Method.invoke(Ljava/lang/Object;[Ljava/lang/Object;)Ljava/lang/Object; (62 bytes) @ 0x000000011a9fad8c [0x000000011a9fad00+0x8c]
J 11563 C1 org.gradle.internal.reflect.JavaMethod.invoke(Ljava/lang/Object;[Ljava/lang/Object;)Ljava/lang/Object; (74 bytes) @ 0x000000011c2663bc [0x000000011c2662a0+0x11c]
j  org.gradle.api.internal.project.taskfactory.DefaultTaskClassInfoStore$IncrementalTaskAction.doExecute(Lorg/gradle/api/Task;Ljava/lang/String;)V+35
j  org.gradle.api.internal.project.taskfactory.DefaultTaskClassInfoStore$StandardTaskAction.execute(Lorg/gradle/api/Task;)V+32
j  org.gradle.api.internal.project.taskfactory.DefaultTaskClassInfoStore$StandardTaskAction.execute(Ljava/lang/Object;)V+5
J 20974 C1 org.gradle.api.internal.tasks.execution.ExecuteActionsTaskExecuter.executeAction(Lorg/gradle/api/internal/TaskInternal;Lorg/gradle/api/internal/tasks/ContextAwareTaskAction;Lorg/gradle/api/internal/tasks/TaskExecutionContext;)V (37 bytes) @ 0x000000011d7ba4c4 [0x000000011d7ba300+0x1c4]
j  org.gradle.api.internal.tasks.execution.ExecuteActionsTaskExecuter.executeActions(Lorg/gradle/api/internal/TaskInternal;Lorg/gradle/api/internal/tasks/TaskStateInternal;Lorg/gradle/api/internal/tasks/TaskExecutionContext;)Lorg/gradle/api/GradleException;+79
j  org.gradle.api.internal.tasks.execution.ExecuteActionsTaskExecuter.execute(Lorg/gradle/api/internal/TaskInternal;Lorg/gradle/api/internal/tasks/TaskStateInternal;Lorg/gradle/api/internal/tasks/TaskExecutionContext;)V+42
j  org.gradle.api.internal.tasks.execution.SkipUpToDateTaskExecuter.execute(Lorg/gradle/api/internal/TaskInternal;Lorg/gradle/api/internal/tasks/TaskStateInternal;Lorg/gradle/api/internal/tasks/TaskExecutionContext;)V+139
j  org.gradle.api.internal.tasks.execution.ValidatingTaskExecuter.execute(Lorg/gradle/api/internal/TaskInternal;Lorg/gradle/api/internal/tasks/TaskStateInternal;Lorg/gradle/api/internal/tasks/TaskExecutionContext;)V+215
j  org.gradle.api.internal.tasks.execution.SkipEmptySourceFilesTaskExecuter.execute(Lorg/gradle/api/internal/TaskInternal;Lorg/gradle/api/internal/tasks/TaskStateInternal;Lorg/gradle/api/internal/tasks/TaskExecutionContext;)V+335
j  org.gradle.api.internal.tasks.execution.ResolveTaskArtifactStateTaskExecuter.execute(Lorg/gradle/api/internal/TaskInternal;Lorg/gradle/api/internal/tasks/TaskStateInternal;Lorg/gradle/api/internal/tasks/TaskExecutionContext;)V+46
j  org.gradle.api.internal.tasks.execution.SkipTaskWithNoActionsExecuter.execute(Lorg/gradle/api/internal/TaskInternal;Lorg/gradle/api/internal/tasks/TaskStateInternal;Lorg/gradle/api/internal/tasks/TaskExecutionContext;)V+119
j  org.gradle.api.internal.tasks.execution.SkipOnlyIfTaskExecuter.execute(Lorg/gradle/api/internal/TaskInternal;Lorg/gradle/api/internal/tasks/TaskStateInternal;Lorg/gradle/api/internal/tasks/TaskExecutionContext;)V+85
j  org.gradle.api.internal.tasks.execution.ExecuteAtMostOnceTaskExecuter.execute(Lorg/gradle/api/internal/TaskInternal;Lorg/gradle/api/internal/tasks/TaskStateInternal;Lorg/gradle/api/internal/tasks/TaskExecutionContext;)V+26
j  org.gradle.api.internal.tasks.execution.CatchExceptionTaskExecuter.execute(Lorg/gradle/api/internal/TaskInternal;Lorg/gradle/api/internal/tasks/TaskStateInternal;Lorg/gradle/api/internal/tasks/TaskExecutionContext;)V+7
j  org.gradle.execution.taskgraph.DefaultTaskGraphExecuter$EventFiringTaskWorker$1.execute(Lorg/gradle/internal/operations/BuildOperationContext;)V+110
j  org.gradle.execution.taskgraph.DefaultTaskGraphExecuter$EventFiringTaskWorker$1.execute(Ljava/lang/Object;)V+5
J 22694 C1 org.gradle.internal.Transformers$4.transform(Ljava/lang/Object;)Ljava/lang/Object; (12 bytes) @ 0x000000011dc1178c [0x000000011dc11680+0x10c]
J 22449 C1 org.gradle.internal.progress.DefaultBuildOperationExecutor.run(Lorg/gradle/internal/progress/BuildOperationDetails;Lorg/gradle/api/Transformer;)Ljava/lang/Object; (477 bytes) @ 0x000000011dd0eec4 [0x000000011dd0ca60+0x2464]
J 23166 C1 org.gradle.internal.progress.DefaultBuildOperationExecutor.run(Lorg/gradle/internal/progress/BuildOperationDetails;Lorg/gradle/api/Action;)V (11 bytes) @ 0x000000011de82a6c [0x000000011de828a0+0x1cc]
j  org.gradle.execution.taskgraph.DefaultTaskGraphExecuter$EventFiringTaskWorker.execute(Lorg/gradle/api/internal/TaskInternal;)V+80
j  org.gradle.execution.taskgraph.DefaultTaskGraphExecuter$EventFiringTaskWorker.execute(Ljava/lang/Object;)V+5
j  org.gradle.execution.taskgraph.AbstractTaskPlanExecutor$TaskExecutorWorker.processTask(Lorg/gradle/execution/taskgraph/TaskInfo;)V+8
j  org.gradle.execution.taskgraph.AbstractTaskPlanExecutor$TaskExecutorWorker.run()V+74
j  org.gradle.execution.taskgraph.DefaultTaskPlanExecutor.process(Lorg/gradle/execution/taskgraph/TaskExecutionPlan;Lorg/gradle/api/Action;)V+10
j  org.gradle.execution.taskgraph.DefaultTaskGraphExecuter.execute()V+61
j  org.gradle.execution.SelectedTaskExecutionAction.execute(Lorg/gradle/execution/BuildExecutionContext;)V+55
j  org.gradle.execution.DefaultBuildExecuter.execute(Lorg/gradle/api/internal/GradleInternal;I)V+37
j  org.gradle.execution.DefaultBuildExecuter.access$000(Lorg/gradle/execution/DefaultBuildExecuter;Lorg/gradle/api/internal/GradleInternal;I)V+3
j  org.gradle.execution.DefaultBuildExecuter$1.proceed()V+14
j  org.gradle.execution.DryRunBuildExecutionAction.execute(Lorg/gradle/execution/BuildExecutionContext;)V+68
j  org.gradle.execution.DefaultBuildExecuter.execute(Lorg/gradle/api/internal/GradleInternal;I)V+37
j  org.gradle.execution.DefaultBuildExecuter.execute(Lorg/gradle/api/internal/GradleInternal;)V+3
j  org.gradle.initialization.DefaultGradleLauncher$3.execute(Lorg/gradle/internal/operations/BuildOperationContext;)V+14
j  org.gradle.initialization.DefaultGradleLauncher$3.execute(Ljava/lang/Object;)V+5
J 22694 C1 org.gradle.internal.Transformers$4.transform(Ljava/lang/Object;)Ljava/lang/Object; (12 bytes) @ 0x000000011dc1178c [0x000000011dc11680+0x10c]
J 22449 C1 org.gradle.internal.progress.DefaultBuildOperationExecutor.run(Lorg/gradle/internal/progress/BuildOperationDetails;Lorg/gradle/api/Transformer;)Ljava/lang/Object; (477 bytes) @ 0x000000011dd0eec4 [0x000000011dd0ca60+0x2464]
j  org.gradle.internal.progress.DefaultBuildOperationExecutor.run(Ljava/lang/String;Lorg/gradle/api/Action;)V+12
j  org.gradle.initialization.DefaultGradleLauncher.doBuildStages(Lorg/gradle/initialization/DefaultGradleLauncher$Stage;)V+154
j  org.gradle.initialization.DefaultGradleLauncher.doBuild(Lorg/gradle/initialization/DefaultGradleLauncher$Stage;)Lorg/gradle/BuildResult;+17
j  org.gradle.initialization.DefaultGradleLauncher.run()Lorg/gradle/BuildResult;+4
j  org.gradle.launcher.exec.GradleBuildController.run()Lorg/gradle/api/internal/GradleInternal;+4
j  org.gradle.tooling.internal.provider.runner.BuildModelActionRunner.run(Lorg/gradle/internal/invocation/BuildAction;Lorg/gradle/internal/invocation/BuildController;)V+48
j  org.gradle.launcher.exec.ChainingBuildActionRunner.run(Lorg/gradle/internal/invocation/BuildAction;Lorg/gradle/internal/invocation/BuildController;)V+34
j  org.gradle.tooling.internal.provider.runner.RunAsBuildOperationBuildActionRunner$1.execute(Lorg/gradle/internal/operations/BuildOperationContext;)V+15
j  org.gradle.tooling.internal.provider.runner.RunAsBuildOperationBuildActionRunner$1.execute(Ljava/lang/Object;)V+5
J 22694 C1 org.gradle.internal.Transformers$4.transform(Ljava/lang/Object;)Ljava/lang/Object; (12 bytes) @ 0x000000011dc1178c [0x000000011dc11680+0x10c]
J 22449 C1 org.gradle.internal.progress.DefaultBuildOperationExecutor.run(Lorg/gradle/internal/progress/BuildOperationDetails;Lorg/gradle/api/Transformer;)Ljava/lang/Object; (477 bytes) @ 0x000000011dd0eec4 [0x000000011dd0ca60+0x2464]
j  org.gradle.internal.progress.DefaultBuildOperationExecutor.run(Ljava/lang/String;Lorg/gradle/api/Action;)V+12
j  org.gradle.tooling.internal.provider.runner.RunAsBuildOperationBuildActionRunner.run(Lorg/gradle/internal/invocation/BuildAction;Lorg/gradle/internal/invocation/BuildController;)V+16
j  org.gradle.tooling.internal.provider.runner.SubscribableBuildActionRunner.run(Lorg/gradle/internal/invocation/BuildAction;Lorg/gradle/internal/invocation/BuildController;)V+38
j  org.gradle.launcher.exec.ChainingBuildActionRunner.run(Lorg/gradle/internal/invocation/BuildAction;Lorg/gradle/internal/invocation/BuildController;)V+34
j  org.gradle.launcher.exec.InProcessBuildActionExecuter.execute(Lorg/gradle/internal/invocation/BuildAction;Lorg/gradle/initialization/BuildRequestContext;Lorg/gradle/launcher/exec/BuildActionParameters;Lorg/gradle/internal/service/ServiceRegistry;)Ljava/lang/Object;+64
j  org.gradle.launcher.exec.InProcessBuildActionExecuter.execute(Lorg/gradle/internal/invocation/BuildAction;Lorg/gradle/initialization/BuildRequestContext;Ljava/lang/Object;Lorg/gradle/internal/service/ServiceRegistry;)Ljava/lang/Object;+9
j  org.gradle.tooling.internal.provider.ContinuousBuildActionExecuter.execute(Lorg/gradle/internal/invocation/BuildAction;Lorg/gradle/initialization/BuildRequestContext;Lorg/gradle/launcher/exec/BuildActionParameters;Lorg/gradle/internal/service/ServiceRegistry;)Ljava/lang/Object;+28
j  org.gradle.tooling.internal.provider.ContinuousBuildActionExecuter.execute(Lorg/gradle/internal/invocation/BuildAction;Lorg/gradle/initialization/BuildRequestContext;Ljava/lang/Object;Lorg/gradle/internal/service/ServiceRegistry;)Ljava/lang/Object;+9
j  org.gradle.tooling.internal.provider.ServicesSetupBuildActionExecuter.execute(Lorg/gradle/internal/invocation/BuildAction;Lorg/gradle/initialization/BuildRequestContext;Lorg/gradle/launcher/exec/BuildActionParameters;Lorg/gradle/internal/service/ServiceRegistry;)Ljava/lang/Object;+52
j  org.gradle.tooling.internal.provider.ServicesSetupBuildActionExecuter.execute(Lorg/gradle/internal/invocation/BuildAction;Lorg/gradle/initialization/BuildRequestContext;Ljava/lang/Object;Lorg/gradle/internal/service/ServiceRegistry;)Ljava/lang/Object;+9
j  org.gradle.launcher.daemon.server.exec.ExecuteBuild.doBuild(Lorg/gradle/launcher/daemon/server/api/DaemonCommandExecution;Lorg/gradle/launcher/daemon/protocol/Build;)V+114
j  org.gradle.launcher.daemon.server.exec.BuildCommandOnly.execute(Lorg/gradle/launcher/daemon/server/api/DaemonCommandExecution;)V+49
j  org.gradle.launcher.daemon.server.api.DaemonCommandExecution.proceed()Z+28
j  org.gradle.launcher.daemon.server.exec.WatchForDisconnection.execute(Lorg/gradle/launcher/daemon/server/api/DaemonCommandExecution;)V+19
j  org.gradle.launcher.daemon.server.api.DaemonCommandExecution.proceed()Z+28
j  org.gradle.launcher.daemon.server.exec.ResetDeprecationLogger.execute(Lorg/gradle/launcher/daemon/server/api/DaemonCommandExecution;)V+4
j  org.gradle.launcher.daemon.server.api.DaemonCommandExecution.proceed()Z+28
j  org.gradle.launcher.daemon.server.exec.RequestStopIfSingleUsedDaemon.execute(Lorg/gradle/launcher/daemon/server/api/DaemonCommandExecution;)V+33
j  org.gradle.launcher.daemon.server.api.DaemonCommandExecution.proceed()Z+28
j  org.gradle.launcher.daemon.server.exec.ForwardClientInput$2.call()Ljava/lang/Void;+4
j  org.gradle.launcher.daemon.server.exec.ForwardClientInput$2.call()Ljava/lang/Object;+1
j  org.gradle.util.Swapper.swap(Ljava/lang/Object;Ljava/util/concurrent/Callable;)Ljava/lang/Object;+21
j  org.gradle.launcher.daemon.server.exec.ForwardClientInput.execute(Lorg/gradle/launcher/daemon/server/api/DaemonCommandExecution;)V+63
j  org.gradle.launcher.daemon.server.api.DaemonCommandExecution.proceed()Z+28
j  org.gradle.launcher.daemon.server.exec.LogAndCheckHealth.execute(Lorg/gradle/launcher/daemon/server/api/DaemonCommandExecution;)V+28
j  org.gradle.launcher.daemon.server.api.DaemonCommandExecution.proceed()Z+28
j  org.gradle.launcher.daemon.server.exec.LogToClient.doBuild(Lorg/gradle/launcher/daemon/server/api/DaemonCommandExecution;Lorg/gradle/launcher/daemon/protocol/Build;)V+87
j  org.gradle.launcher.daemon.server.exec.BuildCommandOnly.execute(Lorg/gradle/launcher/daemon/server/api/DaemonCommandExecution;)V+49
j  org.gradle.launcher.daemon.server.api.DaemonCommandExecution.proceed()Z+28
j  org.gradle.launcher.daemon.server.exec.EstablishBuildEnvironment.doBuild(Lorg/gradle/launcher/daemon/server/api/DaemonCommandExecution;Lorg/gradle/launcher/daemon/protocol/Build;)V+279
j  org.gradle.launcher.daemon.server.exec.BuildCommandOnly.execute(Lorg/gradle/launcher/daemon/server/api/DaemonCommandExecution;)V+49
j  org.gradle.launcher.daemon.server.api.DaemonCommandExecution.proceed()Z+28
j  org.gradle.launcher.daemon.server.exec.StartBuildOrRespondWithBusy$1.run()V+44
j  org.gradle.launcher.daemon.server.DaemonStateCoordinator$1.run()V+4
J 13513 C2 org.gradle.internal.concurrent.ExecutorPolicy$CatchAndRecordFailures.onExecute(Ljava/lang/Runnable;)V (29 bytes) @ 0x000000011c6a7848 [0x000000011c6a7800+0x48]
j  org.gradle.internal.concurrent.StoppableExecutorImpl$1.run()V+25
J 17604 C1 java.util.concurrent.ThreadPoolExecutor.runWorker(Ljava/util/concurrent/ThreadPoolExecutor$Worker;)V (225 bytes) @ 0x000000011addbb7c [0x000000011addb8e0+0x29c]
J 18014 C1 java.util.concurrent.ThreadPoolExecutor$Worker.run()V (9 bytes) @ 0x000000011cdf2484 [0x000000011cdf2380+0x104]
j  java.lang.Thread.run()V+11
v  ~StubRoutines::call_stub

---------------  P R O C E S S  ---------------

Java Threads: ( => current thread )
  0x00007f94eae2c800 JavaThread "Thread-177" [_thread_in_native, id=26399, stack(0x0000700005bee000,0x0000700005cee000)]
  0x00007f94efbdc000 JavaThread "process reaper" daemon [_thread_in_native, id=31543, stack(0x00007000042f5000,0x000070000431d000)]
  0x00007f94eb8dd000 JavaThread "Cache update executor" [_thread_blocked, id=36447, stack(0x0000700005aeb000,0x0000700005beb000)]
  0x00007f94eeb40800 JavaThread "Stdin handler" [_thread_blocked, id=33327, stack(0x00007000059e8000,0x0000700005ae8000)]
  0x00007f94efe6c000 JavaThread "Asynchronous log dispatcher for DefaultDaemonConnection: socket connection from /127.0.0.1:51364 to /127.0.0.1:52862" [_thread_blocked, id=32611, stack(0x00007000056b4000,0x00007000057b4000)]
=>0x00007f94eaeca000 JavaThread "Daemon worker Thread 8" [_thread_in_vm, id=34143, stack(0x00007000055b1000,0x00007000056b1000)]
  0x00007f94edee1800 JavaThread "Cancel handler" [_thread_blocked, id=38451, stack(0x00007000053ab000,0x00007000054ab000)]
  0x00007f94eb9a5800 JavaThread "Handler for socket connection from /127.0.0.1:51364 to /127.0.0.1:52862" [_thread_in_native, id=32291, stack(0x00007000052a8000,0x00007000053a8000)]
  0x00007f94eed76800 JavaThread "Daemon Thread 8" [_thread_blocked, id=13859, stack(0x00007000051a5000,0x00007000052a5000)]
  0x00007f94ef302800 JavaThread "pool-11-thread-4" [_thread_blocked, id=25351, stack(0x0000700006200000,0x0000700006300000)]
  0x00007f94edeea000 JavaThread "pool-11-thread-3" [_thread_blocked, id=23311, stack(0x00007000060fd000,0x00007000061fd000)]
  0x00007f94ea3d9000 JavaThread "pool-11-thread-2" [_thread_blocked, id=24839, stack(0x0000700005ffa000,0x00007000060fa000)]
  0x00007f94ea397800 JavaThread "pool-11-thread-1" [_thread_blocked, id=23823, stack(0x0000700005ef7000,0x0000700005ff7000)]
  0x00007f94ec037800 JavaThread "File lock request listener" [_thread_in_native, id=24327, stack(0x00007000058e5000,0x00007000059e5000)]
  0x00007f94eb227800 JavaThread "pool-1-thread-1" [_thread_blocked, id=20743, stack(0x00007000054ae000,0x00007000055ae000)]
  0x00007f94ec002000 JavaThread "Incoming local TCP Connector on port 51364" [_thread_in_native, id=4359, stack(0x00007000041f2000,0x00007000042f2000)]
  0x00007f94ea003800 JavaThread "Service Thread" daemon [_thread_blocked, id=18691, stack(0x0000700004f9f000,0x000070000509f000)]
  0x00007f94ea04e000 JavaThread "C1 CompilerThread2" daemon [_thread_blocked, id=18179, stack(0x0000700004e9c000,0x0000700004f9c000)]
  0x00007f94ea041800 JavaThread "C2 CompilerThread1" daemon [_thread_blocked, id=17667, stack(0x0000700004d99000,0x0000700004e99000)]
  0x00007f94ea04c800 JavaThread "C2 CompilerThread0" daemon [_thread_blocked, id=17155, stack(0x0000700004c96000,0x0000700004d96000)]
  0x00007f94ea062800 JavaThread "Signal Dispatcher" daemon [_thread_blocked, id=16643, stack(0x0000700004b93000,0x0000700004c93000)]
  0x00007f94ea833800 JavaThread "Finalizer" daemon [_thread_blocked, id=11523, stack(0x0000700004a90000,0x0000700004b90000)]
  0x00007f94ea830800 JavaThread "Reference Handler" daemon [_thread_blocked, id=4871, stack(0x000070000498d000,0x0000700004a8d000)]
  0x00007f94ea801800 JavaThread "main" [_thread_blocked, id=7171, stack(0x000070000437b000,0x000070000447b000)]

Other Threads:
  0x00007f94ea02f800 VMThread [stack: 0x000070000488a000,0x000070000498a000] [id=3847]
  0x00007f94ea056800 WatcherThread [stack: 0x00007000050a2000,0x00007000051a2000] [id=19203]

VM state:not at safepoint (normal execution)

VM Mutex/Monitor currently owned by a thread: None

Heap:
 PSYoungGen      total 454656K, used 376968K [0x00000007a0000000, 0x00000007bfa80000, 0x00000007c0000000)
  eden space 389632K, 88% used [0x00000007a0000000,0x00000007b502e850,0x00000007b7c80000)
  from space 65024K, 50% used [0x00000007bbb00000,0x00000007bdaf3b38,0x00000007bfa80000)
  to   space 64000K, 0% used [0x00000007b7c80000,0x00000007b7c80000,0x00000007bbb00000)
 ParOldGen       total 246784K, used 132452K [0x0000000760000000, 0x000000076f100000, 0x00000007a0000000)
  object space 246784K, 53% used [0x0000000760000000,0x0000000768159320,0x000000076f100000)
 Metaspace       used 98626K, capacity 104616K, committed 104832K, reserved 1140736K
  class space    used 12427K, capacity 13577K, committed 13696K, reserved 1048576K

Card table byte_map: [0x000000010dafc000,0x000000010ddfd000] byte_map_base: 0x0000000109ffc000

Marking Bits: (ParMarkBitMap*) 0x000000010d48bed0
 Begin Bits: [0x000000010dffd000, 0x000000010f7fd000)
 End Bits:   [0x000000010f7fd000, 0x0000000110ffd000)

Polling page: 0x000000010c3fb000

CodeCache: size=245760Kb used=62463Kb max_used=62463Kb free=183296Kb
 bounds [0x000000011a28d000, 0x000000011dfed000, 0x000000012928d000]
 total_blobs=18579 nmethods=17726 adapters=766
 compilation: enabled

Compilation events (10 events):
Event: 1604.585 Thread 0x00007f94ea04e000 23632   !   3       java.util.concurrent.LinkedBlockingDeque$AbstractItr::<init> (63 bytes)
Event: 1604.586 Thread 0x00007f94ea04e000 nmethod 23632 0x000000011dfda650 code [0x000000011dfda820, 0x000000011dfdb098]
Event: 1604.586 Thread 0x00007f94ea04e000 23633       3       java.util.concurrent.LinkedBlockingDeque$Itr::firstNode (8 bytes)
Event: 1604.587 Thread 0x00007f94ea04e000 nmethod 23633 0x000000011dfdb3d0 code [0x000000011dfdb540, 0x000000011dfdb6b0]
Event: 1604.587 Thread 0x00007f94ea04e000 23634       3       java.util.concurrent.LinkedBlockingDeque$AbstractItr::hasNext (13 bytes)
Event: 1604.587 Thread 0x00007f94ea04e000 nmethod 23634 0x000000011dfdb750 code [0x000000011dfdb8c0, 0x000000011dfdba70]
Event: 1604.587 Thread 0x00007f94ea04e000 23635       3       org.gradle.launcher.daemon.server.health.DaemonMemoryStatus::exceedsThreshold (92 bytes)
Event: 1604.595 Thread 0x00007f94ea04e000 nmethod 23635 0x000000011dfdbad0 code [0x000000011dfdbf60, 0x000000011dfdeae8]
Event: 1604.595 Thread 0x00007f94ea04e000 23636       3       org.gradle.launcher.daemon.server.health.DaemonMemoryStatus::isEnabled (13 bytes)
Event: 1604.596 Thread 0x00007f94ea04e000 nmethod 23636 0x000000011dfe0690 code [0x000000011dfe08c0, 0x000000011dfe13c8]

GC Heap History (10 events):
Event: 506.712 GC heap before
{Heap before GC invocations=25 (full 5):
 PSYoungGen      total 421888K, used 379249K [0x00000007a0000000, 0x00000007c0000000, 0x00000007c0000000)
  eden space 379904K, 99% used [0x00000007a0000000,0x00000007b725c6f8,0x00000007b7300000)
  from space 41984K, 0% used [0x00000007b7300000,0x00000007b7300000,0x00000007b9c00000)
  to   space 72704K, 0% used [0x00000007bb900000,0x00000007bb900000,0x00000007c0000000)
 ParOldGen       total 246784K, used 132412K [0x0000000760000000, 0x000000076f100000, 0x00000007a0000000)
  object space 246784K, 53% used [0x0000000760000000,0x000000076814f320,0x000000076f100000)
 Metaspace       used 78407K, capacity 81750K, committed 81920K, reserved 1120256K
  class space    used 9978K, capacity 10636K, committed 10752K, reserved 1048576K
Event: 506.753 GC heap after
Heap after GC invocations=25 (full 5):
 PSYoungGen      total 453632K, used 14961K [0x00000007a0000000, 0x00000007c0000000, 0x00000007c0000000)
  eden space 380928K, 0% used [0x00000007a0000000,0x00000007a0000000,0x00000007b7400000)
  from space 72704K, 20% used [0x00000007bb900000,0x00000007bc79c418,0x00000007c0000000)
  to   space 70656K, 0% used [0x00000007b7400000,0x00000007b7400000,0x00000007bb900000)
 ParOldGen       total 246784K, used 132420K [0x0000000760000000, 0x000000076f100000, 0x00000007a0000000)
  object space 246784K, 53% used [0x0000000760000000,0x0000000768151320,0x000000076f100000)
 Metaspace       used 78407K, capacity 81750K, committed 81920K, reserved 1120256K
  class space    used 9978K, capacity 10636K, committed 10752K, reserved 1048576K
}
Event: 739.197 GC heap before
{Heap before GC invocations=26 (full 5):
 PSYoungGen      total 453632K, used 395889K [0x00000007a0000000, 0x00000007c0000000, 0x00000007c0000000)
  eden space 380928K, 100% used [0x00000007a0000000,0x00000007b7400000,0x00000007b7400000)
  from space 72704K, 20% used [0x00000007bb900000,0x00000007bc79c418,0x00000007c0000000)
  to   space 70656K, 0% used [0x00000007b7400000,0x00000007b7400000,0x00000007bb900000)
 ParOldGen       total 246784K, used 132420K [0x0000000760000000, 0x000000076f100000, 0x00000007a0000000)
  object space 246784K, 53% used [0x0000000760000000,0x0000000768151320,0x000000076f100000)
 Metaspace       used 79059K, capacity 82616K, committed 82688K, reserved 1122304K
  class space    used 10041K, capacity 10697K, committed 10752K, reserved 1048576K
Event: 739.369 GC heap after
Heap after GC invocations=26 (full 5):
 PSYoungGen      total 392704K, used 11431K [0x00000007a0000000, 0x00000007bfb00000, 0x00000007c0000000)
  eden space 380928K, 0% used [0x00000007a0000000,0x00000007a0000000,0x00000007b7400000)
  from space 11776K, 97% used [0x00000007b7400000,0x00000007b7f29c58,0x00000007b7f80000)
  to   space 69120K, 0% used [0x00000007bb780000,0x00000007bb780000,0x00000007bfb00000)
 ParOldGen       total 246784K, used 132428K [0x0000000760000000, 0x000000076f100000, 0x00000007a0000000)
  object space 246784K, 53% used [0x0000000760000000,0x0000000768153320,0x000000076f100000)
 Metaspace       used 79059K, capacity 82616K, committed 82688K, reserved 1122304K
  class space    used 10041K, capacity 10697K, committed 10752K, reserved 1048576K
}
Event: 814.373 GC heap before
{Heap before GC invocations=27 (full 5):
 PSYoungGen      total 392704K, used 392359K [0x00000007a0000000, 0x00000007bfb00000, 0x00000007c0000000)
  eden space 380928K, 100% used [0x00000007a0000000,0x00000007b7400000,0x00000007b7400000)
  from space 11776K, 97% used [0x00000007b7400000,0x00000007b7f29c58,0x00000007b7f80000)
  to   space 69120K, 0% used [0x00000007bb780000,0x00000007bb780000,0x00000007bfb00000)
 ParOldGen       total 246784K, used 132428K [0x0000000760000000, 0x000000076f100000, 0x00000007a0000000)
  object space 246784K, 53% used [0x0000000760000000,0x0000000768153320,0x000000076f100000)
 Metaspace       used 88276K, capacity 92720K, committed 92800K, reserved 1130496K
  class space    used 11258K, capacity 12115K, committed 12160K, reserved 1048576K
Event: 814.684 GC heap after
Heap after GC invocations=27 (full 5):
 PSYoungGen      total 451584K, used 32571K [0x00000007a0000000, 0x00000007c0000000, 0x00000007c0000000)
  eden space 382464K, 0% used [0x00000007a0000000,0x00000007a0000000,0x00000007b7580000)
  from space 69120K, 47% used [0x00000007bb780000,0x00000007bd74ef60,0x00000007bfb00000)
  to   space 67584K, 0% used [0x00000007b7580000,0x00000007b7580000,0x00000007bb780000)
 ParOldGen       total 246784K, used 132436K [0x0000000760000000, 0x000000076f100000, 0x00000007a0000000)
  object space 246784K, 53% used [0x0000000760000000,0x0000000768155320,0x000000076f100000)
 Metaspace       used 88276K, capacity 92720K, committed 92800K, reserved 1130496K
  class space    used 11258K, capacity 12115K, committed 12160K, reserved 1048576K
}
Event: 1143.666 GC heap before
{Heap before GC invocations=28 (full 5):
 PSYoungGen      total 451584K, used 415035K [0x00000007a0000000, 0x00000007c0000000, 0x00000007c0000000)
  eden space 382464K, 100% used [0x00000007a0000000,0x00000007b7580000,0x00000007b7580000)
  from space 69120K, 47% used [0x00000007bb780000,0x00000007bd74ef60,0x00000007bfb00000)
  to   space 67584K, 0% used [0x00000007b7580000,0x00000007b7580000,0x00000007bb780000)
 ParOldGen       total 246784K, used 132436K [0x0000000760000000, 0x000000076f100000, 0x00000007a0000000)
  object space 246784K, 53% used [0x0000000760000000,0x0000000768155320,0x000000076f100000)
 Metaspace       used 94178K, capacity 99146K, committed 99200K, reserved 1136640K
  class space    used 11916K, capacity 12884K, committed 12928K, reserved 1048576K
Event: 1144.124 GC heap after
Heap after GC invocations=28 (full 5):
 PSYoungGen      total 450048K, used 33593K [0x00000007a0000000, 0x00000007bfb80000, 0x00000007c0000000)
  eden space 382464K, 0% used [0x00000007a0000000,0x00000007a0000000,0x00000007b7580000)
  from space 67584K, 49% used [0x00000007b7580000,0x00000007b964e4b0,0x00000007bb780000)
  to   space 66048K, 0% used [0x00000007bbb00000,0x00000007bbb00000,0x00000007bfb80000)
 ParOldGen       total 246784K, used 132444K [0x0000000760000000, 0x000000076f100000, 0x00000007a0000000)
  object space 246784K, 53% used [0x0000000760000000,0x0000000768157320,0x000000076f100000)
 Metaspace       used 94178K, capacity 99146K, committed 99200K, reserved 1136640K
  class space    used 11916K, capacity 12884K, committed 12928K, reserved 1048576K
}
Event: 1278.664 GC heap before
{Heap before GC invocations=29 (full 5):
 PSYoungGen      total 450048K, used 416057K [0x00000007a0000000, 0x00000007bfb80000, 0x00000007c0000000)
  eden space 382464K, 100% used [0x00000007a0000000,0x00000007b7580000,0x00000007b7580000)
  from space 67584K, 49% used [0x00000007b7580000,0x00000007b964e4b0,0x00000007bb780000)
  to   space 66048K, 0% used [0x00000007bbb00000,0x00000007bbb00000,0x00000007bfb80000)
 ParOldGen       total 246784K, used 132444K [0x0000000760000000, 0x000000076f100000, 0x00000007a0000000)
  object space 246784K, 53% used [0x0000000760000000,0x0000000768157320,0x000000076f100000)
 Metaspace       used 96223K, capacity 101594K, committed 101760K, reserved 1138688K
  class space    used 12120K, capacity 13140K, committed 13184K, reserved 1048576K
Event: 1279.162 GC heap after
Heap after GC invocations=29 (full 5):
 PSYoungGen      total 454656K, used 32718K [0x00000007a0000000, 0x00000007bfa80000, 0x00000007c0000000)
  eden space 389632K, 0% used [0x00000007a0000000,0x00000007a0000000,0x00000007b7c80000)
  from space 65024K, 50% used [0x00000007bbb00000,0x00000007bdaf3b38,0x00000007bfa80000)
  to   space 64000K, 0% used [0x00000007b7c80000,0x00000007b7c80000,0x00000007bbb00000)
 ParOldGen       total 246784K, used 132452K [0x0000000760000000, 0x000000076f100000, 0x00000007a0000000)
  object space 246784K, 53% used [0x0000000760000000,0x0000000768159320,0x000000076f100000)
 Metaspace       used 96223K, capacity 101594K, committed 101760K, reserved 1138688K
  class space    used 12120K, capacity 13140K, committed 13184K, reserved 1048576K
}

Deoptimization events (10 events):
Event: 1281.745 Thread 0x00007f94eed76800 Uncommon trap: reason=unstable_if action=reinterpret pc=0x000000011d491e9c method=org.apache.http.message.TokenParser.isWhitespace(C)Z @ 3
Event: 1298.387 Thread 0x00007f94eed76800 Uncommon trap: reason=class_check action=maybe_recompile pc=0x000000011db02fac method=com.google.common.collect.AbstractMapBasedMultimap.iteratorOrListIterator(Ljava/util/Collection;)Ljava/util/Iterator; @ 1
Event: 1584.319 Thread 0x00007f94eaeca000 Uncommon trap: reason=class_check action=maybe_recompile pc=0x000000011db02fac method=com.google.common.collect.AbstractMapBasedMultimap.iteratorOrListIterator(Ljava/util/Collection;)Ljava/util/Iterator; @ 1
Event: 1585.252 Thread 0x00007f94eaeca000 Uncommon trap: reason=unstable_if action=reinterpret pc=0x000000011ac6ea80 method=java.lang.Long.parseLong(Ljava/lang/String;I)J @ 124
Event: 1585.776 Thread 0x00007f94eaeca000 Uncommon trap: reason=speculate_class_check action=maybe_recompile pc=0x000000011dce5c78 method=com.android.utils.PositionXmlParser.getPositionHelper(Lorg/w3c/dom/Node;II)Lcom/android/utils/PositionXmlParser$Position; @ 110
Event: 1585.777 Thread 0x00007f94eaeca000 Uncommon trap: reason=speculate_class_check action=maybe_recompile pc=0x000000011dce5c78 method=com.android.utils.PositionXmlParser.getPositionHelper(Lorg/w3c/dom/Node;II)Lcom/android/utils/PositionXmlParser$Position; @ 110
Event: 1585.777 Thread 0x00007f94eaeca000 Uncommon trap: reason=speculate_class_check action=maybe_recompile pc=0x000000011dce5c78 method=com.android.utils.PositionXmlParser.getPositionHelper(Lorg/w3c/dom/Node;II)Lcom/android/utils/PositionXmlParser$Position; @ 110
Event: 1585.784 Thread 0x00007f94eaeca000 Uncommon trap: reason=speculate_class_check action=maybe_recompile pc=0x000000011dce5c78 method=com.android.utils.PositionXmlParser.getPositionHelper(Lorg/w3c/dom/Node;II)Lcom/android/utils/PositionXmlParser$Position; @ 110
Event: 1588.830 Thread 0x00007f94eaeca000 Uncommon trap: reason=unstable_if action=reinterpret pc=0x000000011da82e20 method=org.gradle.api.internal.file.collections.jdk7.Jdk7DirectoryWalker$1.visitFile(Ljava/nio/file/Path;Ljava/nio/file/attribute/BasicFileAttributes;)Ljava/nio/file/FileVisitResul
Event: 1589.463 Thread 0x00007f94eaeca000 Uncommon trap: reason=unstable_if action=reinterpret pc=0x000000011a481cd8 method=java.lang.Integer.parseInt(Ljava/lang/String;I)I @ 1

Internal exceptions (10 events):
Event: 1584.733 Thread 0x00007f94eaeca000 Exception <a 'java/lang/ClassNotFoundException': com/android/build/gradle/tasks/CheckManifestInInstantRunModeBeanInfo> (0x00000007b1070d70) thrown at [/Volumes/Android_AOSP/AOSP-openjdk/external/jetbrains/jdk/hotspot/src/share/vm/classfile/systemDictionar
Event: 1584.734 Thread 0x00007f94eaeca000 Exception <a 'java/lang/ClassNotFoundException': com/android/build/gradle/tasks/CheckManifestInInstantRunModeCustomizer> (0x00000007b1085d68) thrown at [/Volumes/Android_AOSP/AOSP-openjdk/external/jetbrains/jdk/hotspot/src/share/vm/classfile/systemDiction
Event: 1584.736 Thread 0x00007f94eaeca000 Exception <a 'java/lang/ClassNotFoundException': com/android/build/gradle/tasks/CheckManifestInInstantRunMode_DecoratedCustomizer> (0x00000007b10b1630) thrown at [/Volumes/Android_AOSP/AOSP-openjdk/external/jetbrains/jdk/hotspot/src/share/vm/classfile/sys
Event: 1584.775 Thread 0x00007f94eaeca000 Exception <a 'java/lang/ClassNotFoundException': com/android/build/gradle/tasks/fd/GenerateInstantRunAppInfoTask_DecoratedBeanInfo> (0x00000007b11ec9b0) thrown at [/Volumes/Android_AOSP/AOSP-openjdk/external/jetbrains/jdk/hotspot/src/share/vm/classfile/sy
Event: 1584.776 Thread 0x00007f94eaeca000 Exception <a 'java/lang/ClassNotFoundException': com/android/build/gradle/tasks/fd/GenerateInstantRunAppInfoTaskBeanInfo> (0x00000007b1201e30) thrown at [/Volumes/Android_AOSP/AOSP-openjdk/external/jetbrains/jdk/hotspot/src/share/vm/classfile/systemDictio
Event: 1584.776 Thread 0x00007f94eaeca000 Exception <a 'java/lang/ClassNotFoundException': com/android/build/gradle/tasks/fd/GenerateInstantRunAppInfoTaskCustomizer> (0x00000007b12176f8) thrown at [/Volumes/Android_AOSP/AOSP-openjdk/external/jetbrains/jdk/hotspot/src/share/vm/classfile/systemDict
Event: 1584.777 Thread 0x00007f94eaeca000 Exception <a 'java/lang/ClassNotFoundException': com/android/build/gradle/tasks/fd/GenerateInstantRunAppInfoTask_DecoratedCustomizer> (0x00000007b1243250) thrown at [/Volumes/Android_AOSP/AOSP-openjdk/external/jetbrains/jdk/hotspot/src/share/vm/classfile/
Event: 1589.463 Thread 0x00007f94eaeca000 Implicit null exception at 0x000000011a481711 to 0x000000011a481cc5
Event: 1599.732 Thread 0x00007f94eaeca000 JVM_StopThread thread JavaThread 0x00007f94eae2c800 as oop 0x00000007b4e6e320 [exception 0x00007000056ac998]
Event: 1608.252 Thread 0x00007f94eaeca000 Exception <a 'java/lang/NoSuchFieldError': TCSANOW> (0x00000007b4f9e0b0) thrown at [/Volumes/Android_AOSP/AOSP-openjdk/external/jetbrains/jdk/hotspot/src/share/vm/prims/jni.cpp, line 2955]

Events (10 events):
Event: 1599.742 loading class org/jetbrains/kotlin/cli/common/messages/XmlMessageRenderer
Event: 1599.742 loading class org/jetbrains/kotlin/cli/common/messages/XmlMessageRenderer done
Event: 1599.742 loading class org/jetbrains/kotlin/cli/common/messages/MessageRenderer$1
Event: 1599.742 loading class org/jetbrains/kotlin/cli/common/messages/MessageRenderer$1 done
Event: 1599.742 loading class org/jetbrains/kotlin/cli/common/messages/PlainTextMessageRenderer
Event: 1599.742 loading class org/jetbrains/kotlin/cli/common/messages/PlainTextMessageRenderer done
Event: 1599.743 loading class org/fusesource/jansi/internal/CLibrary
Event: 1599.743 loading class org/fusesource/jansi/internal/CLibrary done
Event: 1599.743 loading class org/jetbrains/kotlin/org/fusesource/hawtjni/runtime/Library
Event: 1599.743 loading class org/jetbrains/kotlin/org/fusesource/hawtjni/runtime/Library done


Dynamic libraries:
0x0000000006a4f000 	/System/Library/Frameworks/Cocoa.framework/Versions/A/Cocoa
0x0000000006a4f000 	/System/Library/Frameworks/Security.framework/Versions/A/Security
0x0000000006a4f000 	/System/Library/Frameworks/ApplicationServices.framework/Versions/A/ApplicationServices
0x0000000006a4f000 	/usr/lib/libz.1.dylib
0x0000000006a4f000 	/usr/lib/libSystem.B.dylib
0x0000000006a4f000 	/usr/lib/libobjc.A.dylib
0x0000000006a4f000 	/System/Library/Frameworks/Foundation.framework/Versions/C/Foundation
0x0000000006a4f000 	/System/Library/Frameworks/CoreFoundation.framework/Versions/A/CoreFoundation
0x0000000006a4f000 	/System/Library/Frameworks/AppKit.framework/Versions/C/AppKit
0x0000000006a4f000 	/System/Library/Frameworks/CoreData.framework/Versions/A/CoreData
0x0000000006a4f000 	/System/Library/PrivateFrameworks/RemoteViewServices.framework/Versions/A/RemoteViewServices
0x0000000006a4f000 	/System/Library/PrivateFrameworks/UIFoundation.framework/Versions/A/UIFoundation
0x0000000006a4f000 	/System/Library/PrivateFrameworks/DFRFoundation.framework/Versions/A/DFRFoundation
0x0000000006a4f000 	/usr/lib/libenergytrace.dylib
0x0000000006a4f000 	/System/Library/PrivateFrameworks/SkyLight.framework/Versions/A/SkyLight
0x0000000006a4f000 	/System/Library/Frameworks/CoreGraphics.framework/Versions/A/CoreGraphics
0x0000000006a4f000 	/usr/lib/libScreenReader.dylib
0x0000000006a4f000 	/System/Library/Frameworks/Accelerate.framework/Versions/A/Accelerate
0x0000000006a4f000 	/System/Library/Frameworks/IOSurface.framework/Versions/A/IOSurface
0x0000000006a4f000 	/System/Library/Frameworks/AudioToolbox.framework/Versions/A/AudioToolbox
0x0000000006a4f000 	/System/Library/Frameworks/AudioUnit.framework/Versions/A/AudioUnit
0x0000000006a4f000 	/System/Library/PrivateFrameworks/DataDetectorsCore.framework/Versions/A/DataDetectorsCore
0x0000000006a4f000 	/System/Library/PrivateFrameworks/DesktopServicesPriv.framework/Versions/A/DesktopServicesPriv
0x0000000006a4f000 	/System/Library/Frameworks/Carbon.framework/Versions/A/Frameworks/HIToolbox.framework/Versions/A/HIToolbox
0x0000000006a4f000 	/usr/lib/libicucore.A.dylib
0x0000000006a4f000 	/System/Library/Frameworks/QuartzCore.framework/Versions/A/QuartzCore
0x0000000006a4f000 	/System/Library/Frameworks/Carbon.framework/Versions/A/Frameworks/SpeechRecognition.framework/Versions/A/SpeechRecognition
0x0000000006a4f000 	/usr/lib/libauto.dylib
0x0000000006a4f000 	/usr/lib/libxml2.2.dylib
0x0000000006a4f000 	/System/Library/PrivateFrameworks/CoreUI.framework/Versions/A/CoreUI
0x0000000006a4f000 	/System/Library/Frameworks/CoreAudio.framework/Versions/A/CoreAudio
0x0000000006a4f000 	/System/Library/Frameworks/DiskArbitration.framework/Versions/A/DiskArbitration
0x0000000006a4f000 	/usr/lib/liblangid.dylib
0x0000000006a4f000 	/System/Library/PrivateFrameworks/MultitouchSupport.framework/Versions/A/MultitouchSupport
0x0000000006a4f000 	/System/Library/Frameworks/IOKit.framework/Versions/A/IOKit
0x0000000006a4f000 	/usr/lib/libDiagnosticMessagesClient.dylib
0x0000000006a4f000 	/System/Library/Frameworks/CoreServices.framework/Versions/A/CoreServices
0x0000000006a4f000 	/System/Library/PrivateFrameworks/PerformanceAnalysis.framework/Versions/A/PerformanceAnalysis
0x0000000006a4f000 	/System/Library/PrivateFrameworks/GenerationalStorage.framework/Versions/A/GenerationalStorage
0x0000000006a4f000 	/System/Library/Frameworks/OpenGL.framework/Versions/A/OpenGL
0x0000000006a4f000 	/System/Library/Frameworks/CoreImage.framework/Versions/A/CoreImage
0x0000000006a4f000 	/System/Library/Frameworks/CoreText.framework/Versions/A/CoreText
0x0000000006a4f000 	/System/Library/Frameworks/ImageIO.framework/Versions/A/ImageIO
0x0000000006a4f000 	/System/Library/PrivateFrameworks/Backup.framework/Versions/A/Backup
0x0000000006a4f000 	/usr/lib/libarchive.2.dylib
0x0000000006a4f000 	/System/Library/Frameworks/CFNetwork.framework/Versions/A/CFNetwork
0x0000000006a4f000 	/System/Library/Frameworks/SystemConfiguration.framework/Versions/A/SystemConfiguration
0x0000000006a4f000 	/usr/lib/libCRFSuite.dylib
0x0000000006a4f000 	/usr/lib/libc++.1.dylib
0x0000000006a4f000 	/usr/lib/libc++abi.dylib
0x0000000006a4f000 	/usr/lib/system/libcache.dylib
0x0000000006a4f000 	/usr/lib/system/libcommonCrypto.dylib
0x0000000006a4f000 	/usr/lib/system/libcompiler_rt.dylib
0x0000000006a4f000 	/usr/lib/system/libcopyfile.dylib
0x0000000006a4f000 	/usr/lib/system/libcorecrypto.dylib
0x0000000006a4f000 	/usr/lib/system/libdispatch.dylib
0x0000000006a4f000 	/usr/lib/system/libdyld.dylib
0x0000000006a4f000 	/usr/lib/system/libkeymgr.dylib
0x0000000006a4f000 	/usr/lib/system/liblaunch.dylib
0x0000000006a4f000 	/usr/lib/system/libmacho.dylib
0x0000000006a4f000 	/usr/lib/system/libquarantine.dylib
0x0000000006a4f000 	/usr/lib/system/libremovefile.dylib
0x0000000006a4f000 	/usr/lib/system/libsystem_asl.dylib
0x0000000006a4f000 	/usr/lib/system/libsystem_blocks.dylib
0x0000000006a4f000 	/usr/lib/system/libsystem_c.dylib
0x0000000006a4f000 	/usr/lib/system/libsystem_configuration.dylib
0x0000000006a4f000 	/usr/lib/system/libsystem_coreservices.dylib
0x0000000006a4f000 	/usr/lib/system/libsystem_coretls.dylib
0x0000000006a4f000 	/usr/lib/system/libsystem_dnssd.dylib
0x0000000006a4f000 	/usr/lib/system/libsystem_info.dylib
0x0000000006a4f000 	/usr/lib/system/libsystem_kernel.dylib
0x0000000006a4f000 	/usr/lib/system/libsystem_m.dylib
0x0000000006a4f000 	/usr/lib/system/libsystem_malloc.dylib
0x0000000006a4f000 	/usr/lib/system/libsystem_network.dylib
0x0000000006a4f000 	/usr/lib/system/libsystem_networkextension.dylib
0x0000000006a4f000 	/usr/lib/system/libsystem_notify.dylib
0x0000000006a4f000 	/usr/lib/system/libsystem_platform.dylib
0x0000000006a4f000 	/usr/lib/system/libsystem_pthread.dylib
0x0000000006a4f000 	/usr/lib/system/libsystem_sandbox.dylib
0x0000000006a4f000 	/usr/lib/system/libsystem_secinit.dylib
0x0000000006a4f000 	/usr/lib/system/libsystem_symptoms.dylib
0x0000000006a4f000 	/usr/lib/system/libsystem_trace.dylib
0x0000000006a4f000 	/usr/lib/system/libunwind.dylib
0x0000000006a4f000 	/usr/lib/system/libxpc.dylib
0x0000000006a4f000 	/usr/lib/libbsm.0.dylib
0x0000000006a4f000 	/usr/lib/system/libkxld.dylib
0x0000000006a4f000 	/usr/lib/libcoretls.dylib
0x0000000006a4f000 	/usr/lib/libcoretls_cfhelpers.dylib
0x0000000006a4f000 	/usr/lib/libOpenScriptingUtil.dylib
0x0000000006a4f000 	/usr/lib/libpam.2.dylib
0x0000000006a4f000 	/usr/lib/libsqlite3.dylib
0x0000000006a4f000 	/usr/lib/libxar.1.dylib
0x0000000006a4f000 	/usr/lib/libbz2.1.0.dylib
0x0000000006a4f000 	/usr/lib/liblzma.5.dylib
0x0000000006a4f000 	/usr/lib/libnetwork.dylib
0x0000000006a4f000 	/usr/lib/libpcap.A.dylib
0x0000000006a4f000 	/System/Library/Frameworks/CoreServices.framework/Versions/A/Frameworks/FSEvents.framework/Versions/A/FSEvents
0x0000000006a4f000 	/System/Library/Frameworks/CoreServices.framework/Versions/A/Frameworks/CarbonCore.framework/Versions/A/CarbonCore
0x0000000006a4f000 	/System/Library/Frameworks/CoreServices.framework/Versions/A/Frameworks/Metadata.framework/Versions/A/Metadata
0x0000000006a4f000 	/System/Library/Frameworks/CoreServices.framework/Versions/A/Frameworks/OSServices.framework/Versions/A/OSServices
0x0000000006a4f000 	/System/Library/Frameworks/CoreServices.framework/Versions/A/Frameworks/SearchKit.framework/Versions/A/SearchKit
0x0000000006a4f000 	/System/Library/Frameworks/CoreServices.framework/Versions/A/Frameworks/AE.framework/Versions/A/AE
0x0000000006a4f000 	/System/Library/Frameworks/CoreServices.framework/Versions/A/Frameworks/LaunchServices.framework/Versions/A/LaunchServices
0x0000000006a4f000 	/System/Library/Frameworks/CoreServices.framework/Versions/A/Frameworks/DictionaryServices.framework/Versions/A/DictionaryServices
0x0000000006a4f000 	/System/Library/Frameworks/CoreServices.framework/Versions/A/Frameworks/SharedFileList.framework/Versions/A/SharedFileList
0x0000000006a4f000 	/System/Library/Frameworks/NetFS.framework/Versions/A/NetFS
0x0000000006a4f000 	/System/Library/PrivateFrameworks/NetAuth.framework/Versions/A/NetAuth
0x0000000006a4f000 	/System/Library/PrivateFrameworks/login.framework/Versions/A/Frameworks/loginsupport.framework/Versions/A/loginsupport
0x0000000006a4f000 	/System/Library/PrivateFrameworks/TCC.framework/Versions/A/TCC
0x0000000006a4f000 	/usr/lib/libmecabra.dylib
0x0000000006a4f000 	/System/Library/Frameworks/ApplicationServices.framework/Versions/A/Frameworks/ATS.framework/Versions/A/ATS
0x0000000006a4f000 	/System/Library/Frameworks/ApplicationServices.framework/Versions/A/Frameworks/ColorSync.framework/Versions/A/ColorSync
0x0000000006a4f000 	/System/Library/Frameworks/ApplicationServices.framework/Versions/A/Frameworks/HIServices.framework/Versions/A/HIServices
0x0000000006a4f000 	/System/Library/Frameworks/ApplicationServices.framework/Versions/A/Frameworks/LangAnalysis.framework/Versions/A/LangAnalysis
0x0000000006a4f000 	/System/Library/Frameworks/ApplicationServices.framework/Versions/A/Frameworks/PrintCore.framework/Versions/A/PrintCore
0x0000000006a4f000 	/System/Library/Frameworks/ApplicationServices.framework/Versions/A/Frameworks/QD.framework/Versions/A/QD
0x0000000006a4f000 	/System/Library/Frameworks/ApplicationServices.framework/Versions/A/Frameworks/SpeechSynthesis.framework/Versions/A/SpeechSynthesis
0x0000000006a4f000 	/System/Library/Frameworks/Accelerate.framework/Versions/A/Frameworks/vImage.framework/Versions/A/vImage
0x0000000006a4f000 	/System/Library/Frameworks/Accelerate.framework/Versions/A/Frameworks/vecLib.framework/Versions/A/vecLib
0x0000000006a4f000 	/System/Library/Frameworks/Accelerate.framework/Versions/A/Frameworks/vecLib.framework/Versions/A/libvDSP.dylib
0x0000000006a4f000 	/System/Library/Frameworks/Accelerate.framework/Versions/A/Frameworks/vecLib.framework/Versions/A/libBNNS.dylib
0x0000000006a4f000 	/System/Library/Frameworks/Accelerate.framework/Versions/A/Frameworks/vecLib.framework/Versions/A/libQuadrature.dylib
0x0000000006a4f000 	/System/Library/Frameworks/Accelerate.framework/Versions/A/Frameworks/vecLib.framework/Versions/A/libvMisc.dylib
0x0000000006a4f000 	/System/Library/Frameworks/Accelerate.framework/Versions/A/Frameworks/vecLib.framework/Versions/A/libLAPACK.dylib
0x0000000006a4f000 	/System/Library/Frameworks/Accelerate.framework/Versions/A/Frameworks/vecLib.framework/Versions/A/libBLAS.dylib
0x0000000006a4f000 	/System/Library/Frameworks/Accelerate.framework/Versions/A/Frameworks/vecLib.framework/Versions/A/libLinearAlgebra.dylib
0x0000000006a4f000 	/System/Library/Frameworks/Accelerate.framework/Versions/A/Frameworks/vecLib.framework/Versions/A/libSparseBLAS.dylib
0x0000000006a4f000 	/System/Library/Frameworks/ApplicationServices.framework/Versions/A/Frameworks/ATS.framework/Versions/A/Resources/libFontParser.dylib
0x0000000006a4f000 	/System/Library/Frameworks/ApplicationServices.framework/Versions/A/Frameworks/ATS.framework/Versions/A/Resources/libFontRegistry.dylib
0x0000000006a4f000 	/System/Library/Frameworks/ImageIO.framework/Versions/A/Resources/libJPEG.dylib
0x0000000006a4f000 	/System/Library/Frameworks/ImageIO.framework/Versions/A/Resources/libTIFF.dylib
0x0000000006a4f000 	/System/Library/Frameworks/ImageIO.framework/Versions/A/Resources/libPng.dylib
0x0000000006a4f000 	/System/Library/Frameworks/ImageIO.framework/Versions/A/Resources/libGIF.dylib
0x0000000006a4f000 	/System/Library/Frameworks/ImageIO.framework/Versions/A/Resources/libJP2.dylib
0x0000000006a4f000 	/System/Library/Frameworks/ImageIO.framework/Versions/A/Resources/libRadiance.dylib
0x0000000006a4f000 	/usr/lib/libcompression.dylib
0x0000000006a4f000 	/System/Library/PrivateFrameworks/AppleJPEG.framework/Versions/A/AppleJPEG
0x0000000006a4f000 	/usr/lib/libcups.2.dylib
0x0000000006a4f000 	/System/Library/Frameworks/Kerberos.framework/Versions/A/Kerberos
0x0000000006a4f000 	/System/Library/Frameworks/GSS.framework/Versions/A/GSS
0x0000000006a4f000 	/usr/lib/libresolv.9.dylib
0x0000000006a4f000 	/usr/lib/libiconv.2.dylib
0x0000000006a4f000 	/System/Library/PrivateFrameworks/Heimdal.framework/Versions/A/Heimdal
0x0000000006a4f000 	/usr/lib/libheimdal-asn1.dylib
0x0000000006a4f000 	/System/Library/Frameworks/OpenDirectory.framework/Versions/A/OpenDirectory
0x0000000006a4f000 	/System/Library/PrivateFrameworks/CommonAuth.framework/Versions/A/CommonAuth
0x0000000006a4f000 	/System/Library/Frameworks/OpenDirectory.framework/Versions/A/Frameworks/CFOpenDirectory.framework/Versions/A/CFOpenDirectory
0x0000000006a4f000 	/System/Library/Frameworks/SecurityFoundation.framework/Versions/A/SecurityFoundation
0x0000000006a4f000 	/System/Library/PrivateFrameworks/LanguageModeling.framework/Versions/A/LanguageModeling
0x0000000006a4f000 	/usr/lib/libmarisa.dylib
0x0000000006a4f000 	/usr/lib/libChineseTokenizer.dylib
0x0000000006a4f000 	/usr/lib/libcmph.dylib
0x0000000006a4f000 	/System/Library/PrivateFrameworks/CoreEmoji.framework/Versions/A/CoreEmoji
0x0000000006a4f000 	/System/Library/Frameworks/ServiceManagement.framework/Versions/A/ServiceManagement
0x0000000006a4f000 	/usr/lib/libxslt.1.dylib
0x0000000006a4f000 	/System/Library/Frameworks/Carbon.framework/Versions/A/Frameworks/Ink.framework/Versions/A/Ink
0x0000000006a4f000 	/System/Library/PrivateFrameworks/TextureIO.framework/Versions/A/TextureIO
0x0000000006a4f000 	/System/Library/Frameworks/Metal.framework/Versions/A/Metal
0x0000000006a4f000 	/usr/lib/libate.dylib
0x0000000006a4f000 	/System/Library/PrivateFrameworks/GPUCompiler.framework/libmetal_timestamp.dylib
0x0000000006a4f000 	/System/Library/Frameworks/OpenGL.framework/Versions/A/Libraries/libCoreFSCache.dylib
0x0000000006a4f000 	/System/Library/PrivateFrameworks/IOAccelerator.framework/Versions/A/IOAccelerator
0x0000000006a4f000 	/System/Library/Frameworks/CoreVideo.framework/Versions/A/CoreVideo
0x0000000006a4f000 	/usr/lib/libFosl_dynamic.dylib
0x0000000006a4f000 	/System/Library/PrivateFrameworks/MetalPerformanceShaders.framework/Versions/A/MetalPerformanceShaders
0x0000000006a4f000 	/System/Library/PrivateFrameworks/FaceCore.framework/Versions/A/FaceCore
0x0000000006a4f000 	/System/Library/Frameworks/OpenCL.framework/Versions/A/OpenCL
0x0000000006a4f000 	/System/Library/Frameworks/OpenGL.framework/Versions/A/Libraries/libGLU.dylib
0x0000000006a4f000 	/System/Library/Frameworks/OpenGL.framework/Versions/A/Libraries/libGFXShared.dylib
0x0000000006a4f000 	/System/Library/Frameworks/OpenGL.framework/Versions/A/Libraries/libGL.dylib
0x0000000006a4f000 	/System/Library/Frameworks/OpenGL.framework/Versions/A/Libraries/libGLImage.dylib
0x0000000006a4f000 	/System/Library/Frameworks/OpenGL.framework/Versions/A/Libraries/libCVMSPluginSupport.dylib
0x0000000006a4f000 	/System/Library/Frameworks/OpenGL.framework/Versions/A/Libraries/libCoreVMClient.dylib
0x0000000006a4f000 	/System/Library/PrivateFrameworks/CrashReporterSupport.framework/Versions/A/CrashReporterSupport
0x0000000006a4f000 	/System/Library/PrivateFrameworks/Sharing.framework/Versions/A/Sharing
0x0000000006a4f000 	/System/Library/PrivateFrameworks/IconServices.framework/Versions/A/IconServices
0x0000000006a4f000 	/System/Library/PrivateFrameworks/ProtocolBuffer.framework/Versions/A/ProtocolBuffer
0x0000000006a4f000 	/System/Library/PrivateFrameworks/Apple80211.framework/Versions/A/Apple80211
0x0000000006a4f000 	/System/Library/Frameworks/CoreWLAN.framework/Versions/A/CoreWLAN
0x0000000006a4f000 	/System/Library/PrivateFrameworks/CoreUtils.framework/Versions/A/CoreUtils
0x0000000006a4f000 	/System/Library/Frameworks/IOBluetooth.framework/Versions/A/IOBluetooth
0x0000000006a4f000 	/System/Library/PrivateFrameworks/CoreWiFi.framework/Versions/A/CoreWiFi
0x0000000006a4f000 	/System/Library/Frameworks/CoreBluetooth.framework/Versions/A/CoreBluetooth
0x0000000006a4f000 	/System/Library/Frameworks/CoreDisplay.framework/Versions/A/CoreDisplay
0x0000000006a4f000 	/System/Library/PrivateFrameworks/IOPresentment.framework/Versions/A/IOPresentment
0x0000000006a4f000 	/System/Library/PrivateFrameworks/DSExternalDisplay.framework/Versions/A/DSExternalDisplay
0x0000000006a4f000 	/System/Library/PrivateFrameworks/DebugSymbols.framework/Versions/A/DebugSymbols
0x0000000006a4f000 	/System/Library/PrivateFrameworks/CoreSymbolication.framework/Versions/A/CoreSymbolication
0x0000000006a4f000 	/System/Library/PrivateFrameworks/Symbolication.framework/Versions/A/Symbolication
0x0000000006a4f000 	/System/Library/PrivateFrameworks/AppleFSCompression.framework/Versions/A/AppleFSCompression
0x0000000006a4f000 	/System/Library/PrivateFrameworks/SpeechRecognitionCore.framework/Versions/A/SpeechRecognitionCore
0x0000000006a4f000 	/System/Library/PrivateFrameworks/ChunkingLibrary.framework/Versions/A/ChunkingLibrary
0x000000010cc00000 	/Applications/Android Studio.app/Contents/jre/jdk/Contents/Home/jre/lib/server/libjvm.dylib
0x0000000006a4f000 	/usr/lib/libstdc++.6.dylib
0x000000010c3ee000 	/Applications/Android Studio.app/Contents/jre/jdk/Contents/Home/jre/lib/libverify.dylib
0x000000010d6f6000 	/Applications/Android Studio.app/Contents/jre/jdk/Contents/Home/jre/lib/libjava.dylib
0x000000010d733000 	/Applications/Android Studio.app/Contents/jre/jdk/Contents/Home/jre/lib/libzip.dylib
0x0000000112ddf000 	/System/Library/Frameworks/JavaVM.framework/Frameworks/JavaRuntimeSupport.framework/JavaRuntimeSupport
0x0000000112df9000 	/System/Library/Frameworks/JavaVM.framework/Versions/A/Frameworks/JavaNativeFoundation.framework/Versions/A/JavaNativeFoundation
0x0000000112e0e000 	/System/Library/Frameworks/JavaVM.framework/Versions/A/JavaVM
0x0000000006a4f000 	/System/Library/Frameworks/Carbon.framework/Versions/A/Carbon
0x0000000112e1b000 	/System/Library/PrivateFrameworks/JavaLaunching.framework/Versions/A/JavaLaunching
0x0000000006a4f000 	/System/Library/Frameworks/Carbon.framework/Versions/A/Frameworks/CommonPanels.framework/Versions/A/CommonPanels
0x0000000006a4f000 	/System/Library/Frameworks/Carbon.framework/Versions/A/Frameworks/Help.framework/Versions/A/Help
0x0000000006a4f000 	/System/Library/Frameworks/Carbon.framework/Versions/A/Frameworks/ImageCapture.framework/Versions/A/ImageCapture
0x0000000006a4f000 	/System/Library/Frameworks/Carbon.framework/Versions/A/Frameworks/OpenScripting.framework/Versions/A/OpenScripting
0x0000000006a4f000 	/System/Library/Frameworks/Carbon.framework/Versions/A/Frameworks/Print.framework/Versions/A/Print
0x0000000006a4f000 	/System/Library/Frameworks/Carbon.framework/Versions/A/Frameworks/SecurityHI.framework/Versions/A/SecurityHI
0x0000000114c7a000 	/Applications/Android Studio.app/Contents/jre/jdk/Contents/Home/jre/lib/libnet.dylib
0x0000000114cd9000 	/Applications/Android Studio.app/Contents/jre/jdk/Contents/Home/jre/lib/libnio.dylib
0x0000000114ce9000 	/Users/eltonjhony/.gradle/native/23/osx-amd64/libnative-platform.dylib
0x00000001150b8000 	/Applications/Android Studio.app/Contents/jre/jdk/Contents/Home/jre/lib/libmanagement.dylib
0x0000000115c01000 	/Applications/Android Studio.app/Contents/jre/jdk/Contents/Home/jre/lib/libsunec.dylib
0x0000000114afa000 	/private/var/folders/xl/n0smc6dd2rj9wrrwbs5sbc2jpfm36j/T/native-platform3562460697250456789dir/libnative-platform.dylib
0x0000000114b01000 	/Users/eltonjhony/.gradle/native/jansi/1.14/osx/libjansi.jnilib

VM Arguments:
jvm_args: -Xmx1536m -Dfile.encoding=UTF-8 -Duser.country=US -Duser.language=en -Duser.variant 
java_command: org.gradle.launcher.daemon.bootstrap.GradleDaemon 3.3
java_class_path (initial): /Users/eltonjhony/.gradle/wrapper/dists/gradle-3.3-all/55gk2rcmfc6p2dg9u9ohc3hw9/gradle-3.3/lib/gradle-launcher-3.3.jar
Launcher Type: SUN_STANDARD

Environment Variables:
PATH=/usr/bin:/bin:/usr/sbin:/sbin
SHELL=/bin/zsh

Signal Handlers:
SIGSEGV: [libjvm.dylib+0x57e9cd], sa_mask[0]=11111111011111110111111111111111, sa_flags=SA_ONSTACK|SA_RESTART|SA_SIGINFO
SIGBUS: [libjvm.dylib+0x57e9cd], sa_mask[0]=11111111011111110111111111111111, sa_flags=SA_RESTART|SA_SIGINFO
SIGFPE: [libjvm.dylib+0x45951c], sa_mask[0]=11111111011111110111111111111111, sa_flags=SA_RESTART|SA_SIGINFO
SIGPIPE: [libjvm.dylib+0x45951c], sa_mask[0]=11111111011111110111111111111111, sa_flags=SA_RESTART|SA_SIGINFO
SIGXFSZ: [libjvm.dylib+0x45951c], sa_mask[0]=11111111011111110111111111111111, sa_flags=SA_RESTART|SA_SIGINFO
SIGILL: [libjvm.dylib+0x45951c], sa_mask[0]=11111111011111110111111111111111, sa_flags=SA_RESTART|SA_SIGINFO
SIGUSR1: SIG_DFL, sa_mask[0]=00000000000000000000000000000000, sa_flags=none
SIGUSR2: [libjvm.dylib+0x45903a], sa_mask[0]=00100000000000000000000000000000, sa_flags=SA_RESTART|SA_SIGINFO
SIGHUP: [libjvm.dylib+0x457611], sa_mask[0]=11111111011111110111111111111111, sa_flags=SA_RESTART|SA_SIGINFO
SIGINT: [libjvm.dylib+0x457611], sa_mask[0]=11111111011111110111111111111111, sa_flags=SA_RESTART|SA_SIGINFO
SIGTERM: [libjvm.dylib+0x457611], sa_mask[0]=11111111011111110111111111111111, sa_flags=SA_RESTART|SA_SIGINFO
SIGQUIT: [libjvm.dylib+0x457611], sa_mask[0]=11111111011111110111111111111111, sa_flags=SA_RESTART|SA_SIGINFO


---------------  S Y S T E M  ---------------

OS:Bsduname:Darwin 16.6.0 Darwin Kernel Version 16.6.0: Fri Apr 14 16:21:16 PDT 2017; root:xnu-3789.60.24~6/RELEASE_X86_64 x86_64
rlimit: STACK 8192k, CORE 0k, NPROC 709, NOFILE 10240, AS infinity
load average:3.44 4.20 5.20

CPU:total 4 (2 cores per cpu, 2 threads per core) family 6 model 61 stepping 4, cmov, cx8, fxsr, mmx, sse, sse2, sse3, ssse3, sse4.1, sse4.2, popcnt, avx, avx2, aes, clmul, erms, 3dnowpref, lzcnt, ht, tsc, tscinvbit, bmi1, bmi2, adx

Memory: 4k page, physical 8388608k(15936k free)

/proc/meminfo:


vm_info: OpenJDK 64-Bit Server VM (25.112-b06) for bsd-amd64 JRE (1.8.0_112-release-b06), built on Dec  6 2016 12:18:58 by "builder" with gcc 4.2.1 (Based on Apple Inc. build 5658) (LLVM build 2336.11.00)

time: Sat Jul  8 20:39:55 2017
elapsed time: 1608 seconds (0d 0h 26m 48s)

